<?xml version="1.0" encoding="UTF-8"?>
<testsuite name="com.yonatankarp.ff4k.property.multi.AbstractPropertyMapTest" tests="13" skipped="0" failures="0" errors="0" timestamp="2026-02-05T08:20:47.668Z" hostname="yonatankarp-rudin-CN6223C2M9" time="0.045">
  <properties/>
  <testcase name="defaults are description null fixedValues empty and readOnly false[jvm]" classname="com.yonatankarp.ff4k.property.multi.AbstractPropertyMapTest" time="0.017"/>
  <testcase name="put inserts entry and returns previous value[jvm]" classname="com.yonatankarp.ff4k.property.multi.AbstractPropertyMapTest" time="0.001"/>
  <testcase name="putAll inserts all entries[jvm]" classname="com.yonatankarp.ff4k.property.multi.AbstractPropertyMapTest" time="0.001"/>
  <testcase name="entries exposes backing map entries[jvm]" classname="com.yonatankarp.ff4k.property.multi.AbstractPropertyMapTest" time="0.003"/>
  <testcase name="values exposes backing map values[jvm]" classname="com.yonatankarp.ff4k.property.multi.AbstractPropertyMapTest" time="0.001"/>
  <testcase name="size reflects backing map size[jvm]" classname="com.yonatankarp.ff4k.property.multi.AbstractPropertyMapTest" time="0.0"/>
  <testcase name="isEmpty reflects backing map[jvm]" classname="com.yonatankarp.ff4k.property.multi.AbstractPropertyMapTest" time="0.0"/>
  <testcase name="containsKey returns true when key exists[jvm]" classname="com.yonatankarp.ff4k.property.multi.AbstractPropertyMapTest" time="0.0"/>
  <testcase name="containsValue returns true when value exists[jvm]" classname="com.yonatankarp.ff4k.property.multi.AbstractPropertyMapTest" time="0.0"/>
  <testcase name="get returns value for existing key and null for missing key[jvm]" classname="com.yonatankarp.ff4k.property.multi.AbstractPropertyMapTest" time="0.001"/>
  <testcase name="remove removes entry and returns removed value[jvm]" classname="com.yonatankarp.ff4k.property.multi.AbstractPropertyMapTest" time="0.0"/>
  <testcase name="minusAssign removes entry by key[jvm]" classname="com.yonatankarp.ff4k.property.multi.AbstractPropertyMapTest" time="0.0"/>
  <testcase name="clear removes all entries[jvm]" classname="com.yonatankarp.ff4k.property.multi.AbstractPropertyMapTest" time="0.0"/>
  <system-out><![CDATA[]]></system-out>
  <system-err><![CDATA[]]></system-err>
</testsuite>
